(venv) ➜  testpkg git:(master) python setup.py install  
running install
running bdist_egg
running egg_info
writing redis_sentinel_check_oio.egg-info/PKG-INFO
writing top-level names to redis_sentinel_check_oio.egg-info/top_level.txt
writing dependency_links to redis_sentinel_check_oio.egg-info/dependency_links.txt
writing entry points to redis_sentinel_check_oio.egg-info/entry_points.txt
package init file 'redis_sentinel_check_oio/__init__.py' not found (or not a regular file)
reading manifest file 'redis_sentinel_check_oio.egg-info/SOURCES.txt'
reading manifest template 'MANIFEST.in'
writing manifest file 'redis_sentinel_check_oio.egg-info/SOURCES.txt'
installing library code to build/bdist.linux-x86_64/egg
running install_lib
running build_py
creating build/bdist.linux-x86_64/egg
creating build/bdist.linux-x86_64/egg/redis_sentinel_check_oio
copying build/lib.linux-x86_64-2.7/redis_sentinel_check_oio/stuff.py -> build/bdist.linux-x86_64/egg/redis_sentinel_check_oio
copying build/lib.linux-x86_64-2.7/redis_sentinel_check_oio/redis_sentinel_check_oio.py -> build/bdist.linux-x86_64/egg/redis_sentinel_check_oio
copying build/lib.linux-x86_64-2.7/redis_sentinel_check_oio/check_redis_sentinel.py -> build/bdist.linux-x86_64/egg/redis_sentinel_check_oio
copying build/lib.linux-x86_64-2.7/redis_sentinel_check_oio/init__.py -> build/bdist.linux-x86_64/egg/redis_sentinel_check_oio
copying build/lib.linux-x86_64-2.7/redis_sentinel_check_oio/main__.py -> build/bdist.linux-x86_64/egg/redis_sentinel_check_oio
byte-compiling build/bdist.linux-x86_64/egg/redis_sentinel_check_oio/stuff.py to stuff.pyc
byte-compiling build/bdist.linux-x86_64/egg/redis_sentinel_check_oio/redis_sentinel_check_oio.py to redis_sentinel_check_oio.pyc
byte-compiling build/bdist.linux-x86_64/egg/redis_sentinel_check_oio/check_redis_sentinel.py to check_redis_sentinel.pyc
byte-compiling build/bdist.linux-x86_64/egg/redis_sentinel_check_oio/init__.py to init__.pyc
byte-compiling build/bdist.linux-x86_64/egg/redis_sentinel_check_oio/main__.py to main__.pyc
creating build/bdist.linux-x86_64/egg/EGG-INFO
copying redis_sentinel_check_oio.egg-info/PKG-INFO -> build/bdist.linux-x86_64/egg/EGG-INFO
copying redis_sentinel_check_oio.egg-info/SOURCES.txt -> build/bdist.linux-x86_64/egg/EGG-INFO
copying redis_sentinel_check_oio.egg-info/dependency_links.txt -> build/bdist.linux-x86_64/egg/EGG-INFO
copying redis_sentinel_check_oio.egg-info/entry_points.txt -> build/bdist.linux-x86_64/egg/EGG-INFO
copying redis_sentinel_check_oio.egg-info/top_level.txt -> build/bdist.linux-x86_64/egg/EGG-INFO
zip_safe flag not set; analyzing archive contents...
creating 'dist/redis_sentinel_check_oio-0.0.1-py2.7.egg' and adding 'build/bdist.linux-x86_64/egg' to it
removing 'build/bdist.linux-x86_64/egg' (and everything under it)
Processing redis_sentinel_check_oio-0.0.1-py2.7.egg
Removing /home/nidhal/git-projects/pythonenv/venv/lib/python2.7/site-packages/redis_sentinel_check_oio-0.0.1-py2.7.egg
Copying redis_sentinel_check_oio-0.0.1-py2.7.egg to /home/nidhal/git-projects/pythonenv/venv/lib/python2.7/site-packages
redis-sentinel-check-oio 0.0.1 is already the active version in easy-install.pth
Installing redis_sentinel_check_oio script to /home/nidhal/git-projects/pythonenv/venv/bin

Installed /home/nidhal/git-projects/pythonenv/venv/lib/python2.7/site-packages/redis_sentinel_check_oio-0.0.1-py2.7.egg
Processing dependencies for redis-sentinel-check-oio==0.0.1
Finished processing dependencies for redis-sentinel-check-oio==0.0.1
(venv) ➜  testpkg git:(master) ✗ 

